<?xml version="1.0" encoding="UTF-8"?>
<testng-results total="2" passed="2" failed="0" skipped="0">
  <reporter-output>
  </reporter-output>
  <suite started-at="2024-06-20T14:41:23Z" name="Suite" finished-at="2024-06-20T14:41:23Z" duration-ms="14">
    <groups>
    </groups>
    <test started-at="2024-06-20T14:41:23Z" name="Test" finished-at="2024-06-20T14:41:23Z" duration-ms="14">
      <class name="gitProjectPackage.myclass1">
        <test-method signature="method1()[pri:0, instance:gitProjectPackage.myclass1@cb0755b]" started-at="2024-06-20T09:41:23Z" name="method1" finished-at="2024-06-20T09:41:23Z" duration-ms="6" status="PASS">
          <reporter-output>
          </reporter-output>
        </test-method> <!-- method1 -->
      </class> <!-- gitProjectPackage.myclass1 -->
      <class name="gitProjectPackage.myclass2">
        <test-method signature="method2()[pri:0, instance:gitProjectPackage.myclass2@742ff096]" started-at="2024-06-20T09:41:23Z" name="method2" finished-at="2024-06-20T09:41:23Z" duration-ms="0" status="PASS">
          <reporter-output>
          </reporter-output>
        </test-method> <!-- method2 -->
      </class> <!-- gitProjectPackage.myclass2 -->
    </test> <!-- Test -->
  </suite> <!-- Suite -->
</testng-results>
